[INFO] Bluetooth LE Scan Started
1512697591,d7112d17a599970218dd2963e7d9197b26bb9611a807682c662222d0,-85
1512697592,63ed81b60f91ed41c509b571f418579f74735141e8c4afbbbf977402,-55
1512697601,a6c2167bc0eca13766f7a668e63f47da5c42ef458212706551c0e780,-93
1512697617,63ed81b60f91ed41c509b571f418579f74735141e8c4afbbbf977402,-42
1512697617,d7112d17a599970218dd2963e7d9197b26bb9611a807682c662222d0,-86
1512697620,a6c2167bc0eca13766f7a668e63f47da5c42ef458212706551c0e780,-92
1512697627,63ed81b60f91ed41c509b571f418579f74735141e8c4afbbbf977402,-42
1512697630,a6c2167bc0eca13766f7a668e63f47da5c42ef458212706551c0e780,-92
1512697637,63ed81b60f91ed41c509b571f418579f74735141e8c4afbbbf977402,-40
1512697641,a6c2167bc0eca13766f7a668e63f47da5c42ef458212706551c0e780,-91
1512697647,d7112d17a599970218dd2963e7d9197b26bb9611a807682c662222d0,-86
1512697648,63ed81b60f91ed41c509b571f418579f74735141e8c4afbbbf977402,-46
1512697650,a6c2167bc0eca13766f7a668e63f47da5c42ef458212706551c0e780,-90
1512697658,63ed81b60f91ed41c509b571f418579f74735141e8c4afbbbf977402,-42
1512697666,d7112d17a599970218dd2963e7d9197b26bb9611a807682c662222d0,-88
1512697667,63ed81b60f91ed41c509b571f418579f74735141e8c4afbbbf977402,-42
1512697673,a6c2167bc0eca13766f7a668e63f47da5c42ef458212706551c0e780,-91
1512697680,a6c2167bc0eca13766f7a668e63f47da5c42ef458212706551c0e780,-92
1512697687,d7112d17a599970218dd2963e7d9197b26bb9611a807682c662222d0,-86
1512697688,63ed81b60f91ed41c509b571f418579f74735141e8c4afbbbf977402,-41
1512697699,63ed81b60f91ed41c509b571f418579f74735141e8c4afbbbf977402,-43
1512697707,63ed81b60f91ed41c509b571f418579f74735141e8c4afbbbf977402,-53
[INFO] Bluetooth LE Scan Finished
